<?xml version="1.0" encoding="UTF-8"?>
<!-- Generated by org.testng.reporters.JUnitXMLReporter -->
<testsuite ignored="0" hostname="szucsg" failures="1" tests="8" name="Smoke Tests Chrome" time="26.476" errors="0" timestamp="2024-12-29T17:59:29 CET">
  <testcase classname="io.cucumber.testng.AbstractTestNGCucumberTests" name="runScenario" time="11.184"/>
  <testcase classname="io.cucumber.testng.AbstractTestNGCucumberTests" name="runScenario" time="11.227">
    <failure type="java.lang.AssertionError" message="The following asserts failed:
	expected [FAIL Let&amp;apos;s have some different text!
In a list!] but found [Let&amp;apos;s have some different text!
In a list!]">
      <![CDATA[java.lang.AssertionError: The following asserts failed:
expected [FAIL Let's have some different text!
In a list!] but found [Let's have some different text!
In a list!]
at org.selenium_cucumber.utilities.Verify.elementHasText(Verify.java:90)
at org.selenium_cucumber.stepdefinitions.ShadowDomStepDefs.theSecondParagraphAppearsWithCorrectText(ShadowDomStepDefs.java:41)
at âœ½.the second paragraph appears with correct text(file:///C:/Users/sonrisa/Desktop/MIGRATE/Company%20stuff/Portfolio/Sonrisa/untitled/src/test/resources/features/Shadow_Dom.feature:14)
... Removed 2 stack frames]]>
    </failure>
  </testcase> <!-- runScenario -->
  <testcase classname="io.cucumber.testng.AbstractTestNGCucumberTests" name="runScenario" time="14.151"/>
  <testcase classname="io.cucumber.testng.AbstractTestNGCucumberTests" name="runScenario" time="18.655"/>
  <testcase classname="io.cucumber.testng.AbstractTestNGCucumberTests" name="runScenario" time="19.026"/>
  <testcase classname="io.cucumber.testng.AbstractTestNGCucumberTests" name="runScenario" time="21.704"/>
  <testcase classname="io.cucumber.testng.AbstractTestNGCucumberTests" name="runScenario" time="23.579"/>
  <testcase classname="io.cucumber.testng.AbstractTestNGCucumberTests" name="runScenario" time="26.103"/>
</testsuite> <!-- Smoke Tests Chrome -->
