<!DOCTYPE html PUBLIC "-//W3C//DTD XHTML 1.1//EN" "https://www.w3.org/TR/xhtml11/DTD/xhtml11.dtd">
<html xmlns="https://www.w3.org/1999/xhtml">
<head>
<meta http-equiv="content-type" content="text/html; charset=UTF-8"/>
<title>TestNG Report</title>
<style type="text/css">table {margin-bottom:10px;border-collapse:collapse;empty-cells:show}th,td {border:1px solid #009;padding:.25em .5em}th {vertical-align:bottom}td {vertical-align:top}table a {font-weight:bold}.stripe td {background-color: #E6EBF9}.num {text-align:right}.passedodd td {background-color: #3F3}.passedeven td {background-color: #0A0}.skippedodd td {background-color: #DDD}.skippedeven td {background-color: #CCC}.failedodd td,.attn {background-color: #F33}.failedeven td,.stripe .attn {background-color: #D00}.stacktrace {white-space:pre;font-family:monospace}.totop {font-size:85%;text-align:center;border-bottom:2px solid #000}.invisible {display:none}</style>
</head>
<body>
<table>
<tr><th>Test</th><th># Passed</th><th># Skipped</th><th># Retried</th><th># Failed</th><th>Time (ms)</th><th>Included Groups</th><th>Excluded Groups</th></tr>
<tr><th colspan="8">Smoke tests</th></tr>
<tr><td><a href="#t0">Smoke Tests Chrome</a></td><td class="num">7</td><td class="num">0</td><td class="num">0</td><td class="num attn">1</td><td class="num">26 476</td><td></td><td></td></tr>
<tr class="stripe"><td><a href="#t1">Smoke Tests Microsoft Edge</a></td><td class="num">7</td><td class="num">0</td><td class="num">0</td><td class="num attn">1</td><td class="num">30 148</td><td></td><td></td></tr>
<tr><td><a href="#t2">Smoke Tests Firefox</a></td><td class="num">7</td><td class="num">0</td><td class="num">0</td><td class="num attn">1</td><td class="num">36 893</td><td></td><td></td></tr>
<tr><th>Total</th><th class="num">21</th><th class="num">0</th><th class="num">0</th><th class="num attn">3</th><th class="num">93 517</th><th colspan="2"></th></tr>
</table>
<table id='summary'><thead><tr><th>Class</th><th>Method</th><th>Start</th><th>Time (ms)</th></tr></thead><tbody><tr><th colspan="4">Smoke tests</th></tr></tbody><tbody id="t0"><tr><th colspan="4">Smoke Tests Chrome &#8212; failed</th></tr><tr class="failedeven"><td rowspan="1">org.selenium_cucumber.runner.CucumberRunnerTests</td><td><a href="#m0">runScenario</a></td><td rowspan="1">1735491543791</td><td rowspan="1">11227</td></tr><tr><th colspan="4">Smoke Tests Chrome &#8212; passed</th></tr><tr class="passedeven"><td rowspan="7">org.selenium_cucumber.runner.CucumberRunnerTests</td><td><a href="#m1">runScenario</a></td><td rowspan="7">1735491543791</td><td rowspan="7">19026</td></tr><tr class="passedeven"><td><a href="#m2">runScenario</a></td></tr><tr class="passedeven"><td><a href="#m3">runScenario</a></td></tr><tr class="passedeven"><td><a href="#m4">runScenario</a></td></tr><tr class="passedeven"><td><a href="#m5">runScenario</a></td></tr><tr class="passedeven"><td><a href="#m6">runScenario</a></td></tr><tr class="passedeven"><td><a href="#m7">runScenario</a></td></tr></tbody>
<tbody id="t1"><tr><th colspan="4">Smoke Tests Microsoft Edge &#8212; failed</th></tr><tr class="failedeven"><td rowspan="1">org.selenium_cucumber.runner.CucumberRunnerTests</td><td><a href="#m8">runScenario</a></td><td rowspan="1">1735491543789</td><td rowspan="1">14892</td></tr><tr><th colspan="4">Smoke Tests Microsoft Edge &#8212; passed</th></tr><tr class="passedeven"><td rowspan="7">org.selenium_cucumber.runner.CucumberRunnerTests</td><td><a href="#m9">runScenario</a></td><td rowspan="7">1735491543789</td><td rowspan="7">19998</td></tr><tr class="passedeven"><td><a href="#m10">runScenario</a></td></tr><tr class="passedeven"><td><a href="#m11">runScenario</a></td></tr><tr class="passedeven"><td><a href="#m12">runScenario</a></td></tr><tr class="passedeven"><td><a href="#m13">runScenario</a></td></tr><tr class="passedeven"><td><a href="#m14">runScenario</a></td></tr><tr class="passedeven"><td><a href="#m15">runScenario</a></td></tr></tbody>
<tbody id="t2"><tr><th colspan="4">Smoke Tests Firefox &#8212; failed</th></tr><tr class="failedeven"><td rowspan="1">org.selenium_cucumber.runner.CucumberRunnerTests</td><td><a href="#m16">runScenario</a></td><td rowspan="1">1735491543791</td><td rowspan="1">34439</td></tr><tr><th colspan="4">Smoke Tests Firefox &#8212; passed</th></tr><tr class="passedeven"><td rowspan="7">org.selenium_cucumber.runner.CucumberRunnerTests</td><td><a href="#m17">runScenario</a></td><td rowspan="7">1735491543789</td><td rowspan="7">28351</td></tr><tr class="passedeven"><td><a href="#m18">runScenario</a></td></tr><tr class="passedeven"><td><a href="#m19">runScenario</a></td></tr><tr class="passedeven"><td><a href="#m20">runScenario</a></td></tr><tr class="passedeven"><td><a href="#m21">runScenario</a></td></tr><tr class="passedeven"><td><a href="#m22">runScenario</a></td></tr><tr class="passedeven"><td><a href="#m23">runScenario</a></td></tr></tbody>
</table>
<h2>Smoke Tests Chrome</h2><h3 id="m0">org.selenium_cucumber.runner.CucumberRunnerTests#runScenario</h3><table class="result"><tr class="param"><th>Parameter #1</th><th>Parameter #2</th></tr><tr class="param stripe"><td>&quot;The user can see elements in the shadow dom&quot;</td><td>&quot;The page contains elements in the shadow dom&quot;</td></tr><tr><th colspan="2">Messages</th></tr><tr><td colspan="2"><div class="messages"><a href='C:\Users\sonrisa\Desktop\MIGRATE\Company stuff\Portfolio\Sonrisa\untitled\test-output\failure_screenshots\The user can see elements in the shadow dom_2024_12_29_05_59_14.png'> <img src='C:\Users\sonrisa\Desktop\MIGRATE\Company stuff\Portfolio\Sonrisa\untitled\test-output\failure_screenshots\The user can see elements in the shadow dom_2024_12_29_05_59_14.png' height='100' width='100'/> </a></div></td></tr><tr><th colspan="2">Exception</th></tr><tr><td colspan="2"><div class="stacktrace">java.lang.AssertionError: The following asserts failed:
	expected [FAIL Let&apos;s have some different text!
In a list!] but found [Let&apos;s have some different text!
In a list!]
	at org.selenium_cucumber.utilities.Verify.elementHasText(Verify.java:90)
	at org.selenium_cucumber.stepdefinitions.ShadowDomStepDefs.theSecondParagraphAppearsWithCorrectText(ShadowDomStepDefs.java:41)
	at ✽.the second paragraph appears with correct text(file:///C:/Users/sonrisa/Desktop/MIGRATE/Company%20stuff/Portfolio/Sonrisa/untitled/src/test/resources/features/Shadow_Dom.feature:14)
... Removed 2 stack frames</div></td></tr></table><p class="totop"><a href="#summary">back to summary</a></p>
<h3 id="m1">org.selenium_cucumber.runner.CucumberRunnerTests#runScenario</h3><table class="result"><tr class="param"><th>Parameter #1</th><th>Parameter #2</th></tr><tr class="param stripe"><td>&quot;The user can add new elements and remove them&quot;</td><td>&quot;A new element can be added and deleted&quot;</td></tr></table><p class="totop"><a href="#summary">back to summary</a></p>
<h3 id="m2">org.selenium_cucumber.runner.CucumberRunnerTests#runScenario</h3><table class="result"><tr class="param"><th>Parameter #1</th><th>Parameter #2</th></tr><tr class="param stripe"><td>&quot;The user can add new elements and remove them&quot;</td><td>&quot;A new element can be added and deleted&quot;</td></tr></table><p class="totop"><a href="#summary">back to summary</a></p>
<h3 id="m3">org.selenium_cucumber.runner.CucumberRunnerTests#runScenario</h3><table class="result"><tr class="param"><th>Parameter #1</th><th>Parameter #2</th></tr><tr class="param stripe"><td>&quot;The user can log in&quot;</td><td>&quot;The login and logout functionality works&quot;</td></tr></table><p class="totop"><a href="#summary">back to summary</a></p>
<h3 id="m4">org.selenium_cucumber.runner.CucumberRunnerTests#runScenario</h3><table class="result"><tr class="param"><th>Parameter #1</th><th>Parameter #2</th></tr><tr class="param stripe"><td>&quot;The user can add new elements and remove them&quot;</td><td>&quot;A new element can be added and deleted&quot;</td></tr></table><p class="totop"><a href="#summary">back to summary</a></p>
<h3 id="m5">org.selenium_cucumber.runner.CucumberRunnerTests#runScenario</h3><table class="result"><tr class="param"><th>Parameter #1</th><th>Parameter #2</th></tr><tr class="param stripe"><td>&quot;The user can select and deselect checkboxes&quot;</td><td>&quot;The checkboxes can be selected and deselected&quot;</td></tr></table><p class="totop"><a href="#summary">back to summary</a></p>
<h3 id="m6">org.selenium_cucumber.runner.CucumberRunnerTests#runScenario</h3><table class="result"><tr class="param"><th>Parameter #1</th><th>Parameter #2</th></tr><tr class="param stripe"><td>&quot;The user can log in&quot;</td><td>&quot;The login and logout functionality works&quot;</td></tr></table><p class="totop"><a href="#summary">back to summary</a></p>
<h3 id="m7">org.selenium_cucumber.runner.CucumberRunnerTests#runScenario</h3><table class="result"><tr class="param"><th>Parameter #1</th><th>Parameter #2</th></tr><tr class="param stripe"><td>&quot;The user can log out&quot;</td><td>&quot;The login and logout functionality works&quot;</td></tr></table><p class="totop"><a href="#summary">back to summary</a></p>
<h2>Smoke Tests Microsoft Edge</h2><h3 id="m8">org.selenium_cucumber.runner.CucumberRunnerTests#runScenario</h3><table class="result"><tr class="param"><th>Parameter #1</th><th>Parameter #2</th></tr><tr class="param stripe"><td>&quot;The user can see elements in the shadow dom&quot;</td><td>&quot;The page contains elements in the shadow dom&quot;</td></tr><tr><th colspan="2">Messages</th></tr><tr><td colspan="2"><div class="messages"><a href='C:\Users\sonrisa\Desktop\MIGRATE\Company stuff\Portfolio\Sonrisa\untitled\test-output\failure_screenshots\The user can see elements in the shadow dom_2024_12_29_05_59_15.png'> <img src='C:\Users\sonrisa\Desktop\MIGRATE\Company stuff\Portfolio\Sonrisa\untitled\test-output\failure_screenshots\The user can see elements in the shadow dom_2024_12_29_05_59_15.png' height='100' width='100'/> </a></div></td></tr><tr><th colspan="2">Exception</th></tr><tr><td colspan="2"><div class="stacktrace">java.lang.AssertionError: The following asserts failed:
	expected [FAIL Let&apos;s have some different text!
In a list!] but found [Let&apos;s have some different text!
In a list!]
	at org.selenium_cucumber.utilities.Verify.elementHasText(Verify.java:90)
	at org.selenium_cucumber.stepdefinitions.ShadowDomStepDefs.theSecondParagraphAppearsWithCorrectText(ShadowDomStepDefs.java:41)
	at ✽.the second paragraph appears with correct text(file:///C:/Users/sonrisa/Desktop/MIGRATE/Company%20stuff/Portfolio/Sonrisa/untitled/src/test/resources/features/Shadow_Dom.feature:14)
... Removed 2 stack frames</div></td></tr></table><p class="totop"><a href="#summary">back to summary</a></p>
<h3 id="m9">org.selenium_cucumber.runner.CucumberRunnerTests#runScenario</h3><table class="result"><tr class="param"><th>Parameter #1</th><th>Parameter #2</th></tr><tr class="param stripe"><td>&quot;The user can log out&quot;</td><td>&quot;The login and logout functionality works&quot;</td></tr></table><p class="totop"><a href="#summary">back to summary</a></p>
<h3 id="m10">org.selenium_cucumber.runner.CucumberRunnerTests#runScenario</h3><table class="result"><tr class="param"><th>Parameter #1</th><th>Parameter #2</th></tr><tr class="param stripe"><td>&quot;The user can select and deselect checkboxes&quot;</td><td>&quot;The checkboxes can be selected and deselected&quot;</td></tr></table><p class="totop"><a href="#summary">back to summary</a></p>
<h3 id="m11">org.selenium_cucumber.runner.CucumberRunnerTests#runScenario</h3><table class="result"><tr class="param"><th>Parameter #1</th><th>Parameter #2</th></tr><tr class="param stripe"><td>&quot;The user can add new elements and remove them&quot;</td><td>&quot;A new element can be added and deleted&quot;</td></tr></table><p class="totop"><a href="#summary">back to summary</a></p>
<h3 id="m12">org.selenium_cucumber.runner.CucumberRunnerTests#runScenario</h3><table class="result"><tr class="param"><th>Parameter #1</th><th>Parameter #2</th></tr><tr class="param stripe"><td>&quot;The user can log in&quot;</td><td>&quot;The login and logout functionality works&quot;</td></tr></table><p class="totop"><a href="#summary">back to summary</a></p>
<h3 id="m13">org.selenium_cucumber.runner.CucumberRunnerTests#runScenario</h3><table class="result"><tr class="param"><th>Parameter #1</th><th>Parameter #2</th></tr><tr class="param stripe"><td>&quot;The user can add new elements and remove them&quot;</td><td>&quot;A new element can be added and deleted&quot;</td></tr></table><p class="totop"><a href="#summary">back to summary</a></p>
<h3 id="m14">org.selenium_cucumber.runner.CucumberRunnerTests#runScenario</h3><table class="result"><tr class="param"><th>Parameter #1</th><th>Parameter #2</th></tr><tr class="param stripe"><td>&quot;The user can log in&quot;</td><td>&quot;The login and logout functionality works&quot;</td></tr></table><p class="totop"><a href="#summary">back to summary</a></p>
<h3 id="m15">org.selenium_cucumber.runner.CucumberRunnerTests#runScenario</h3><table class="result"><tr class="param"><th>Parameter #1</th><th>Parameter #2</th></tr><tr class="param stripe"><td>&quot;The user can add new elements and remove them&quot;</td><td>&quot;A new element can be added and deleted&quot;</td></tr></table><p class="totop"><a href="#summary">back to summary</a></p>
<h2>Smoke Tests Firefox</h2><h3 id="m16">org.selenium_cucumber.runner.CucumberRunnerTests#runScenario</h3><table class="result"><tr class="param"><th>Parameter #1</th><th>Parameter #2</th></tr><tr class="param stripe"><td>&quot;The user can see elements in the shadow dom&quot;</td><td>&quot;The page contains elements in the shadow dom&quot;</td></tr><tr><th colspan="2">Messages</th></tr><tr><td colspan="2"><div class="messages"><a href='C:\Users\sonrisa\Desktop\MIGRATE\Company stuff\Portfolio\Sonrisa\untitled\test-output\failure_screenshots\The user can see elements in the shadow dom_2024_12_29_05_59_37.png'> <img src='C:\Users\sonrisa\Desktop\MIGRATE\Company stuff\Portfolio\Sonrisa\untitled\test-output\failure_screenshots\The user can see elements in the shadow dom_2024_12_29_05_59_37.png' height='100' width='100'/> </a></div></td></tr><tr><th colspan="2">Exception</th></tr><tr><td colspan="2"><div class="stacktrace">java.lang.AssertionError: The following asserts failed:
	expected [FAIL Let&apos;s have some different text!
In a list!] but found [Let&apos;s have some different text!
In a list!]
	at org.selenium_cucumber.utilities.Verify.elementHasText(Verify.java:90)
	at org.selenium_cucumber.stepdefinitions.ShadowDomStepDefs.theSecondParagraphAppearsWithCorrectText(ShadowDomStepDefs.java:41)
	at ✽.the second paragraph appears with correct text(file:///C:/Users/sonrisa/Desktop/MIGRATE/Company%20stuff/Portfolio/Sonrisa/untitled/src/test/resources/features/Shadow_Dom.feature:14)
... Removed 2 stack frames</div></td></tr></table><p class="totop"><a href="#summary">back to summary</a></p>
<h3 id="m17">org.selenium_cucumber.runner.CucumberRunnerTests#runScenario</h3><table class="result"><tr class="param"><th>Parameter #1</th><th>Parameter #2</th></tr><tr class="param stripe"><td>&quot;The user can add new elements and remove them&quot;</td><td>&quot;A new element can be added and deleted&quot;</td></tr></table><p class="totop"><a href="#summary">back to summary</a></p>
<h3 id="m18">org.selenium_cucumber.runner.CucumberRunnerTests#runScenario</h3><table class="result"><tr class="param"><th>Parameter #1</th><th>Parameter #2</th></tr><tr class="param stripe"><td>&quot;The user can log out&quot;</td><td>&quot;The login and logout functionality works&quot;</td></tr></table><p class="totop"><a href="#summary">back to summary</a></p>
<h3 id="m19">org.selenium_cucumber.runner.CucumberRunnerTests#runScenario</h3><table class="result"><tr class="param"><th>Parameter #1</th><th>Parameter #2</th></tr><tr class="param stripe"><td>&quot;The user can log in&quot;</td><td>&quot;The login and logout functionality works&quot;</td></tr></table><p class="totop"><a href="#summary">back to summary</a></p>
<h3 id="m20">org.selenium_cucumber.runner.CucumberRunnerTests#runScenario</h3><table class="result"><tr class="param"><th>Parameter #1</th><th>Parameter #2</th></tr><tr class="param stripe"><td>&quot;The user can log in&quot;</td><td>&quot;The login and logout functionality works&quot;</td></tr></table><p class="totop"><a href="#summary">back to summary</a></p>
<h3 id="m21">org.selenium_cucumber.runner.CucumberRunnerTests#runScenario</h3><table class="result"><tr class="param"><th>Parameter #1</th><th>Parameter #2</th></tr><tr class="param stripe"><td>&quot;The user can add new elements and remove them&quot;</td><td>&quot;A new element can be added and deleted&quot;</td></tr></table><p class="totop"><a href="#summary">back to summary</a></p>
<h3 id="m22">org.selenium_cucumber.runner.CucumberRunnerTests#runScenario</h3><table class="result"><tr class="param"><th>Parameter #1</th><th>Parameter #2</th></tr><tr class="param stripe"><td>&quot;The user can select and deselect checkboxes&quot;</td><td>&quot;The checkboxes can be selected and deselected&quot;</td></tr></table><p class="totop"><a href="#summary">back to summary</a></p>
<h3 id="m23">org.selenium_cucumber.runner.CucumberRunnerTests#runScenario</h3><table class="result"><tr class="param"><th>Parameter #1</th><th>Parameter #2</th></tr><tr class="param stripe"><td>&quot;The user can add new elements and remove them&quot;</td><td>&quot;A new element can be added and deleted&quot;</td></tr></table><p class="totop"><a href="#summary">back to summary</a></p>
</body>
</html>
