<?xml version="1.0" encoding="UTF-8"?>
<!-- Generated by org.testng.reporters.JUnitReportReporter -->
<testsuite hostname="szucsg" failures="3" tests="24" name="org.selenium_cucumber.runner.CucumberRunnerTests" time="570.366" errors="0" timestamp="2024-12-29T17:59:40 CET" skipped="0">
  <testcase classname="org.selenium_cucumber.runner.CucumberRunnerTests" name="runScenario" time="30.811"/>
  <testcase classname="org.selenium_cucumber.runner.CucumberRunnerTests" name="runScenario" time="11.227">
    <failure message="The following asserts failed:
	expected [FAIL Let&#039;s have some different text!
In a list!] but found [Let&#039;s have some different text!
In a list!]" type="java.lang.AssertionError">
      <![CDATA[java.lang.AssertionError: The following asserts failed:
expected [FAIL Let's have some different text!
In a list!] but found [Let's have some different text!
In a list!]
at org.testng.asserts.SoftAssert.assertAll(SoftAssert.java:46)
at org.testng.asserts.SoftAssert.assertAll(SoftAssert.java:30)
at org.selenium_cucumber.utilities.Verify.elementHasText(Verify.java:90)
at org.selenium_cucumber.stepdefinitions.ShadowDomStepDefs.theSecondParagraphAppearsWithCorrectText(ShadowDomStepDefs.java:41)
at ✽.the second paragraph appears with correct text(file:///C:/Users/sonrisa/Desktop/MIGRATE/Company%20stuff/Portfolio/Sonrisa/untitled/src/test/resources/features/Shadow_Dom.feature:14)
]]>
    </failure>
    <system-out>
      <![CDATA[<a href='C:\Users\sonrisa\Desktop\MIGRATE\Company stuff\Portfolio\Sonrisa\untitled\test-output\failure_screenshots\The user can see elements in the shadow dom_2024_12_29_05_59_14.png'> <img src='C:\Users\sonrisa\Desktop\MIGRATE\Company stuff\Portfolio\Sonrisa\untitled\test-output\failure_screenshots\The user can see elements in the shadow dom_2024_12_29_05_59_14.png' height='100' width='100'/> </a>]]>
    </system-out>
  </testcase> <!-- runScenario -->
  <testcase classname="org.selenium_cucumber.runner.CucumberRunnerTests" name="runScenario" time="19.998"/>
  <testcase classname="org.selenium_cucumber.runner.CucumberRunnerTests" name="runScenario" time="20.430"/>
  <testcase classname="org.selenium_cucumber.runner.CucumberRunnerTests" name="runScenario" time="29.780"/>
  <testcase classname="org.selenium_cucumber.runner.CucumberRunnerTests" name="runScenario" time="32.726"/>
  <testcase classname="org.selenium_cucumber.runner.CucumberRunnerTests" name="runScenario" time="14.151"/>
  <testcase classname="org.selenium_cucumber.runner.CucumberRunnerTests" name="runScenario" time="36.528"/>
  <testcase classname="org.selenium_cucumber.runner.CucumberRunnerTests" name="runScenario" time="18.655"/>
  <testcase classname="org.selenium_cucumber.runner.CucumberRunnerTests" name="runScenario" time="26.103"/>
  <testcase classname="org.selenium_cucumber.runner.CucumberRunnerTests" name="runScenario" time="17.315"/>
  <testcase classname="org.selenium_cucumber.runner.CucumberRunnerTests" name="runScenario" time="23.579"/>
  <testcase classname="org.selenium_cucumber.runner.CucumberRunnerTests" name="runScenario" time="34.439">
    <failure message="The following asserts failed:
	expected [FAIL Let&#039;s have some different text!
In a list!] but found [Let&#039;s have some different text!
In a list!]" type="java.lang.AssertionError">
      <![CDATA[java.lang.AssertionError: The following asserts failed:
expected [FAIL Let's have some different text!
In a list!] but found [Let's have some different text!
In a list!]
at org.testng.asserts.SoftAssert.assertAll(SoftAssert.java:46)
at org.testng.asserts.SoftAssert.assertAll(SoftAssert.java:30)
at org.selenium_cucumber.utilities.Verify.elementHasText(Verify.java:90)
at org.selenium_cucumber.stepdefinitions.ShadowDomStepDefs.theSecondParagraphAppearsWithCorrectText(ShadowDomStepDefs.java:41)
at ✽.the second paragraph appears with correct text(file:///C:/Users/sonrisa/Desktop/MIGRATE/Company%20stuff/Portfolio/Sonrisa/untitled/src/test/resources/features/Shadow_Dom.feature:14)
]]>
    </failure>
    <system-out>
      <![CDATA[<a href='C:\Users\sonrisa\Desktop\MIGRATE\Company stuff\Portfolio\Sonrisa\untitled\test-output\failure_screenshots\The user can see elements in the shadow dom_2024_12_29_05_59_37.png'> <img src='C:\Users\sonrisa\Desktop\MIGRATE\Company stuff\Portfolio\Sonrisa\untitled\test-output\failure_screenshots\The user can see elements in the shadow dom_2024_12_29_05_59_37.png' height='100' width='100'/> </a>]]>
    </system-out>
  </testcase> <!-- runScenario -->
  <testcase classname="org.selenium_cucumber.runner.CucumberRunnerTests" name="runScenario" time="14.892">
    <failure message="The following asserts failed:
	expected [FAIL Let&#039;s have some different text!
In a list!] but found [Let&#039;s have some different text!
In a list!]" type="java.lang.AssertionError">
      <![CDATA[java.lang.AssertionError: The following asserts failed:
expected [FAIL Let's have some different text!
In a list!] but found [Let's have some different text!
In a list!]
at org.testng.asserts.SoftAssert.assertAll(SoftAssert.java:46)
at org.testng.asserts.SoftAssert.assertAll(SoftAssert.java:30)
at org.selenium_cucumber.utilities.Verify.elementHasText(Verify.java:90)
at org.selenium_cucumber.stepdefinitions.ShadowDomStepDefs.theSecondParagraphAppearsWithCorrectText(ShadowDomStepDefs.java:41)
at ✽.the second paragraph appears with correct text(file:///C:/Users/sonrisa/Desktop/MIGRATE/Company%20stuff/Portfolio/Sonrisa/untitled/src/test/resources/features/Shadow_Dom.feature:14)
]]>
    </failure>
    <system-out>
      <![CDATA[<a href='C:\Users\sonrisa\Desktop\MIGRATE\Company stuff\Portfolio\Sonrisa\untitled\test-output\failure_screenshots\The user can see elements in the shadow dom_2024_12_29_05_59_15.png'> <img src='C:\Users\sonrisa\Desktop\MIGRATE\Company stuff\Portfolio\Sonrisa\untitled\test-output\failure_screenshots\The user can see elements in the shadow dom_2024_12_29_05_59_15.png' height='100' width='100'/> </a>]]>
    </system-out>
  </testcase> <!-- runScenario -->
  <testcase classname="org.selenium_cucumber.runner.CucumberRunnerTests" name="runScenario" time="19.026"/>
  <testcase classname="org.selenium_cucumber.runner.CucumberRunnerTests" name="runScenario" time="28.351"/>
  <testcase classname="org.selenium_cucumber.runner.CucumberRunnerTests" name="runScenario" time="29.030"/>
  <testcase classname="org.selenium_cucumber.runner.CucumberRunnerTests" name="runScenario" time="21.704"/>
  <testcase classname="org.selenium_cucumber.runner.CucumberRunnerTests" name="runScenario" time="21.479"/>
  <testcase classname="org.selenium_cucumber.runner.CucumberRunnerTests" name="runScenario" time="29.438"/>
  <testcase classname="org.selenium_cucumber.runner.CucumberRunnerTests" name="runScenario" time="11.184"/>
  <testcase classname="org.selenium_cucumber.runner.CucumberRunnerTests" name="runScenario" time="29.581"/>
  <testcase classname="org.selenium_cucumber.runner.CucumberRunnerTests" name="runScenario" time="32.008"/>
  <testcase classname="org.selenium_cucumber.runner.CucumberRunnerTests" name="runScenario" time="17.931"/>
  <system-out>
    <![CDATA[<a href='C:\Users\sonrisa\Desktop\MIGRATE\Company stuff\Portfolio\Sonrisa\untitled\test-output\failure_screenshots\The user can see elements in the shadow dom_2024_12_29_05_59_14.png'> <img src='C:\Users\sonrisa\Desktop\MIGRATE\Company stuff\Portfolio\Sonrisa\untitled\test-output\failure_screenshots\The user can see elements in the shadow dom_2024_12_29_05_59_14.png' height='100' width='100'/> </a>
<a href='C:\Users\sonrisa\Desktop\MIGRATE\Company stuff\Portfolio\Sonrisa\untitled\test-output\failure_screenshots\The user can see elements in the shadow dom_2024_12_29_05_59_15.png'> <img src='C:\Users\sonrisa\Desktop\MIGRATE\Company stuff\Portfolio\Sonrisa\untitled\test-output\failure_screenshots\The user can see elements in the shadow dom_2024_12_29_05_59_15.png' height='100' width='100'/> </a>
<a href='C:\Users\sonrisa\Desktop\MIGRATE\Company stuff\Portfolio\Sonrisa\untitled\test-output\failure_screenshots\The user can see elements in the shadow dom_2024_12_29_05_59_37.png'> <img src='C:\Users\sonrisa\Desktop\MIGRATE\Company stuff\Portfolio\Sonrisa\untitled\test-output\failure_screenshots\The user can see elements in the shadow dom_2024_12_29_05_59_37.png' height='100' width='100'/> </a>]]>
  </system-out>
</testsuite> <!-- org.selenium_cucumber.runner.CucumberRunnerTests -->
